1, 2024-11-03 18:45:42, +375 (29) 222-71-53
2, 2024-11-03 18:45:42, +375 (44) 187-21-38
4, 2024-11-03 18:45:47, +375 (29) 256-00-85
3, 2024-11-03 18:45:47, +375 (29) 567-94-26
6, 2024-11-03 18:45:52, +375 (33) 806-10-39
5, 2024-11-03 18:45:52, +375 (33) 140-66-45
8, 2024-11-03 18:45:57, +375 (44) 132-84-64
7, 2024-11-03 18:45:57, +375 (33) 749-77-88
10, 2024-11-03 18:46:02, +375 (29) 533-68-46
9, 2024-11-03 18:46:02, +375 (44) 423-27-04
11, 2024-11-03 18:46:42, +375 (29) 243-49-66
12, 2024-11-03 18:46:42, +375 (33) 379-75-71
14, 2024-11-03 18:46:47, +375 (44) 150-97-16
13, 2024-11-03 18:46:47, +375 (33) 483-08-39
16, 2024-11-03 18:46:52, +375 (44) 715-33-00
15, 2024-11-03 18:46:52, +375 (33) 407-08-04
18, 2024-11-03 18:46:57, +375 (33) 989-78-71
17, 2024-11-03 18:46:57, +375 (29) 789-27-49
19, 2024-11-03 18:47:02, +375 (33) 988-30-18
20, 2024-11-03 18:47:02, +375 (44) 448-95-16
22, 2024-11-03 18:47:42, +375 (33) 116-49-79
21, 2024-11-03 18:47:42, +375 (44) 930-76-90
24, 2024-11-03 18:47:47, +375 (33) 674-99-40
23, 2024-11-03 18:47:47, +375 (44) 528-79-68
26, 2024-11-03 18:47:52, +375 (33) 557-51-20
25, 2024-11-03 18:47:52, +375 (44) 435-70-94
27, 2024-11-03 18:47:57, +375 (33) 186-97-77
28, 2024-11-03 18:47:57, +375 (29) 431-91-94
29, 2024-11-03 18:48:02, +375 (44) 810-63-15
30, 2024-11-03 18:48:02, +375 (33) 140-15-02
31, 2024-11-03 18:48:42, +375 (29) 323-78-63
32, 2024-11-03 18:48:42, +375 (33) 817-83-14
33, 2024-11-03 18:48:47, +375 (29) 486-91-43
34, 2024-11-03 18:48:47, +375 (29) 826-02-10
36, 2024-11-03 18:48:52, +375 (44) 102-34-78
35, 2024-11-03 18:48:52, +375 (33) 194-24-01
38, 2024-11-03 18:48:57, +375 (44) 168-62-79
37, 2024-11-03 18:48:57, +375 (44) 140-60-72
39, 2024-11-03 18:49:02, +375 (33) 153-06-39
40, 2024-11-03 18:49:02, +375 (33) 152-72-47
41, 2024-11-03 18:49:42, +375 (44) 864-12-31
42, 2024-11-03 18:49:42, +375 (33) 815-73-67
43, 2024-11-03 18:49:47, +375 (29) 244-38-57
44, 2024-11-03 18:49:47, +375 (29) 461-07-62
46, 2024-11-03 18:49:52, +375 (44) 561-31-83
45, 2024-11-03 18:49:52, +375 (33) 169-62-38
47, 2024-11-03 18:49:57, +375 (29) 723-11-95
48, 2024-11-03 18:49:57, +375 (44) 838-53-72
50, 2024-11-03 18:50:02, +375 (29) 625-27-99
49, 2024-11-03 18:50:02, +375 (29) 849-62-19
52, 2024-11-03 18:50:42, +375 (29) 598-30-39
51, 2024-11-03 18:50:42, +375 (44) 906-93-32
54, 2024-11-03 18:50:47, +375 (33) 614-61-68
53, 2024-11-03 18:50:47, +375 (33) 996-78-83
56, 2024-11-03 18:50:52, +375 (29) 117-04-76
55, 2024-11-03 18:50:52, +375 (29) 912-36-35
58, 2024-11-03 18:50:57, +375 (29) 290-69-57
57, 2024-11-03 18:50:57, +375 (29) 127-98-48
59, 2024-11-03 18:51:02, +375 (33) 561-58-74
60, 2024-11-03 18:51:02, +375 (44) 814-69-11
62, 2024-11-03 18:51:42, +375 (33) 443-74-43
61, 2024-11-03 18:51:42, +375 (33) 132-02-69
64, 2024-11-03 18:51:47, +375 (44) 270-16-55
63, 2024-11-03 18:51:47, +375 (33) 573-57-08
66, 2024-11-03 18:51:52, +375 (33) 537-14-57
65, 2024-11-03 18:51:52, +375 (29) 819-97-49
67, 2024-11-03 18:51:57, +375 (33) 743-65-91
68, 2024-11-03 18:51:57, +375 (29) 725-85-16
69, 2024-11-03 18:52:02, +375 (33) 135-80-32
70, 2024-11-03 18:52:02, +375 (29) 871-95-06
72, 2024-11-03 18:52:42, +375 (29) 602-86-95
71, 2024-11-03 18:52:42, +375 (44) 184-11-47
73, 2024-11-03 18:52:47, +375 (29) 603-36-30
74, 2024-11-03 18:52:47, +375 (29) 287-06-86
76, 2024-11-03 18:52:52, +375 (44) 174-90-94
75, 2024-11-03 18:52:52, +375 (29) 158-92-65
78, 2024-11-03 18:52:57, +375 (29) 766-66-13
77, 2024-11-03 18:52:57, +375 (29) 613-57-62
79, 2024-11-03 18:53:02, +375 (33) 606-13-97
80, 2024-11-03 18:53:02, +375 (33) 389-95-90
81, 2024-11-03 18:53:42, +375 (44) 116-97-93
82, 2024-11-03 18:53:42, +375 (33) 124-95-42
84, 2024-11-03 18:53:47, +375 (29) 761-61-27
83, 2024-11-03 18:53:47, +375 (29) 603-06-53
86, 2024-11-03 18:53:52, +375 (44) 869-53-28
85, 2024-11-03 18:53:52, +375 (44) 144-10-09
87, 2024-11-03 18:53:58, +375 (44) 951-00-97
88, 2024-11-03 18:53:58, +375 (33) 813-87-81
90, 2024-11-03 18:54:03, +375 (29) 727-48-08
89, 2024-11-03 18:54:03, +375 (33) 293-53-87
91, 2024-11-03 18:54:42, +375 (33) 484-28-58
92, 2024-11-03 18:54:42, +375 (29) 445-03-46
94, 2024-11-03 18:54:47, +375 (44) 830-88-35
93, 2024-11-03 18:54:47, +375 (29) 362-67-30
96, 2024-11-03 18:54:53, +375 (44) 877-14-45
95, 2024-11-03 18:54:53, +375 (33) 642-53-95
98, 2024-11-03 18:54:58, +375 (29) 171-89-99
97, 2024-11-03 18:54:58, +375 (29) 862-99-47
100, 2024-11-03 18:55:03, +375 (29) 192-72-46
99, 2024-11-03 18:55:03, +375 (29) 681-38-03
